{"level":30,"time":1723282199091,"pid":27036,"hostname":"DESKTOP-UQMK7H0","msg":"Server is running on port 5000"}
{"level":30,"time":1723282278401,"pid":21424,"hostname":"DESKTOP-UQMK7H0","msg":"Server is running on port 5000"}
{"level":30,"time":1723282286032,"pid":4464,"hostname":"DESKTOP-UQMK7H0","msg":"Server is running on port 5000"}
{"level":30,"time":1723282310426,"pid":4464,"hostname":"DESKTOP-UQMK7H0","msg":"Received OTP request. AuthType: mobile, Identifier: +919597358192"}
{"level":30,"time":1723282310427,"pid":4464,"hostname":"DESKTOP-UQMK7H0","msg":"Looking up mobile number:"}
{"level":30,"time":1723282311140,"pid":4464,"hostname":"DESKTOP-UQMK7H0","msg":"SMS OTP sent successfully"}
{"level":30,"time":1723282324638,"pid":4464,"hostname":"DESKTOP-UQMK7H0","msg":"OTP verified successfully for:"}
{"level":30,"time":1723282404492,"pid":24900,"hostname":"DESKTOP-UQMK7H0","msg":"Server is running on port 5000"}
{"level":30,"time":1723282415255,"pid":24900,"hostname":"DESKTOP-UQMK7H0","msg":"Looking up mobile number: 9597358192"}
{"level":30,"time":1723282415709,"pid":24900,"hostname":"DESKTOP-UQMK7H0","msg":"SMS OTP sent successfully to +919597358192"}
{"level":30,"time":1723282425033,"pid":24900,"hostname":"DESKTOP-UQMK7H0","msg":"OTP verified successfully for +919597358192"}
{"level":30,"time":1723282483320,"pid":35132,"hostname":"DESKTOP-UQMK7H0","msg":"Server started"}
{"level":30,"time":1723282501730,"pid":35132,"hostname":"DESKTOP-UQMK7H0","msg":"Looking up mobile number"}
{"level":30,"time":1723282502202,"pid":35132,"hostname":"DESKTOP-UQMK7H0","msg":"SMS OTP sent successfully"}
{"level":30,"time":1723282572294,"pid":35132,"hostname":"DESKTOP-UQMK7H0","msg":"Looking up mobile number"}
{"level":30,"time":1723282572593,"pid":35132,"hostname":"DESKTOP-UQMK7H0","msg":"SMS OTP sent successfully"}
{"level":30,"time":1723282634056,"pid":33752,"hostname":"DESKTOP-UQMK7H0","msg":"Server started"}
{"level":30,"time":1723282673855,"pid":33752,"hostname":"DESKTOP-UQMK7H0","msg":"Looking up mobile number"}
{"level":30,"time":1723282674313,"pid":33752,"hostname":"DESKTOP-UQMK7H0","msg":"SMS OTP sent successfully"}
{"level":30,"time":1723282697908,"pid":30896,"hostname":"DESKTOP-UQMK7H0","msg":"Server is running on port 5000"}
{"level":30,"time":1723282699195,"pid":19628,"hostname":"DESKTOP-UQMK7H0","msg":"Server is running on port 5000"}
{"level":30,"time":1723282717208,"pid":19628,"hostname":"DESKTOP-UQMK7H0","msg":"Received OTP request. AuthType: mobile, Identifier: +919597358192"}
{"level":30,"time":1723282717209,"pid":19628,"hostname":"DESKTOP-UQMK7H0","msg":"Looking up mobile number:"}
{"level":30,"time":1723282717622,"pid":19628,"hostname":"DESKTOP-UQMK7H0","msg":"SMS OTP sent successfully"}
{"level":30,"time":1723282731283,"pid":19628,"hostname":"DESKTOP-UQMK7H0","msg":"OTP verified successfully for:"}
{"level":30,"time":1723282742384,"pid":29932,"hostname":"DESKTOP-UQMK7H0","msg":"Server is running on port 5000"}
{"level":30,"time":1723282759011,"pid":29932,"hostname":"DESKTOP-UQMK7H0","msg":"Looking up mobile number: 9597358192"}
{"level":30,"time":1723282759397,"pid":29932,"hostname":"DESKTOP-UQMK7H0","msg":"SMS OTP sent successfully to +919597358192"}
{"level":30,"time":1723282770463,"pid":29932,"hostname":"DESKTOP-UQMK7H0","msg":"OTP verified successfully for +919597358192"}
{"level":30,"time":1723301283672,"pid":29932,"hostname":"DESKTOP-UQMK7H0","msg":"Looking up mobile number: 9597358192"}
{"level":30,"time":1723301284458,"pid":29932,"hostname":"DESKTOP-UQMK7H0","msg":"SMS OTP sent successfully to +919597358192"}
{"level":30,"time":1723301298869,"pid":29932,"hostname":"DESKTOP-UQMK7H0","msg":"OTP verified successfully for +919597358192"}
{"level":30,"time":1723301458098,"pid":29932,"hostname":"DESKTOP-UQMK7H0","msg":"Looking up mobile number: 9597358192"}
{"level":30,"time":1723301459383,"pid":29932,"hostname":"DESKTOP-UQMK7H0","msg":"SMS OTP sent successfully to +919597358192"}
{"level":30,"time":1723301469419,"pid":29932,"hostname":"DESKTOP-UQMK7H0","msg":"OTP verified successfully for +919597358192"}
{"level":30,"time":1723301664423,"pid":29932,"hostname":"DESKTOP-UQMK7H0","msg":"Looking up mobile number: 9597358192"}
{"level":30,"time":1723301664868,"pid":29932,"hostname":"DESKTOP-UQMK7H0","msg":"SMS OTP sent successfully to +919597358192"}
{"level":30,"time":1723301675956,"pid":29932,"hostname":"DESKTOP-UQMK7H0","msg":"OTP verified successfully for +919597358192"}
{"level":30,"time":1723301957959,"pid":29932,"hostname":"DESKTOP-UQMK7H0","msg":"Looking up mobile number: 9597358192"}
{"level":30,"time":1723301958468,"pid":29932,"hostname":"DESKTOP-UQMK7H0","msg":"SMS OTP sent successfully to +919597358192"}
{"level":30,"time":1723301969531,"pid":29932,"hostname":"DESKTOP-UQMK7H0","msg":"OTP verified successfully for +919597358192"}
{"level":30,"time":1723302242280,"pid":29932,"hostname":"DESKTOP-UQMK7H0","msg":"Looking up mobile number: 9597358192"}
{"level":30,"time":1723302242993,"pid":29932,"hostname":"DESKTOP-UQMK7H0","msg":"SMS OTP sent successfully to +919597358192"}
{"level":30,"time":1723302255210,"pid":29932,"hostname":"DESKTOP-UQMK7H0","msg":"OTP verified successfully for +919597358192"}
{"level":30,"time":1723312496666,"pid":29932,"hostname":"DESKTOP-UQMK7H0","msg":"Looking up mobile number: 9597358192"}
{"level":30,"time":1723312497424,"pid":29932,"hostname":"DESKTOP-UQMK7H0","msg":"SMS OTP sent successfully to +919597358192"}
{"level":30,"time":1723312508057,"pid":29932,"hostname":"DESKTOP-UQMK7H0","msg":"OTP verified successfully for +919597358192"}
{"level":30,"time":1723312894807,"pid":29932,"hostname":"DESKTOP-UQMK7H0","msg":"Looking up mobile number: 9597358192"}
{"level":30,"time":1723312895210,"pid":29932,"hostname":"DESKTOP-UQMK7H0","msg":"SMS OTP sent successfully to +919597358192"}
{"level":30,"time":1723312908675,"pid":29932,"hostname":"DESKTOP-UQMK7H0","msg":"OTP verified successfully for +919597358192"}
{"level":30,"time":1723313335886,"pid":29932,"hostname":"DESKTOP-UQMK7H0","msg":"Looking up mobile number: 9597358192"}
{"level":30,"time":1723313337105,"pid":29932,"hostname":"DESKTOP-UQMK7H0","msg":"SMS OTP sent successfully to +919597358192"}
{"level":30,"time":1723313354665,"pid":29932,"hostname":"DESKTOP-UQMK7H0","msg":"OTP verified successfully for +919597358192"}
{"level":30,"time":1723314076307,"pid":29932,"hostname":"DESKTOP-UQMK7H0","msg":"Looking up mobile number: 9597358192"}
{"level":30,"time":1723314076800,"pid":29932,"hostname":"DESKTOP-UQMK7H0","msg":"SMS OTP sent successfully to +919597358192"}
{"level":30,"time":1723314088404,"pid":29932,"hostname":"DESKTOP-UQMK7H0","msg":"OTP verified successfully for +919597358192"}
{"level":30,"time":1723314384506,"pid":29932,"hostname":"DESKTOP-UQMK7H0","msg":"Looking up mobile number: 9597358192"}
{"level":30,"time":1723314384935,"pid":29932,"hostname":"DESKTOP-UQMK7H0","msg":"SMS OTP sent successfully to +919597358192"}
{"level":30,"time":1723314397030,"pid":29932,"hostname":"DESKTOP-UQMK7H0","msg":"OTP verified successfully for +919597358192"}
{"level":30,"time":1723314539104,"pid":29932,"hostname":"DESKTOP-UQMK7H0","msg":"Looking up mobile number: 9597358192"}
{"level":30,"time":1723314539616,"pid":29932,"hostname":"DESKTOP-UQMK7H0","msg":"SMS OTP sent successfully to +919597358192"}
{"level":30,"time":1723314551853,"pid":29932,"hostname":"DESKTOP-UQMK7H0","msg":"OTP verified successfully for +919597358192"}
{"level":30,"time":1723314643872,"pid":29932,"hostname":"DESKTOP-UQMK7H0","msg":"Looking up mobile number: 9597358192"}
{"level":30,"time":1723314644242,"pid":29932,"hostname":"DESKTOP-UQMK7H0","msg":"SMS OTP sent successfully to +919597358192"}
{"level":30,"time":1723314656640,"pid":29932,"hostname":"DESKTOP-UQMK7H0","msg":"OTP verified successfully for +919597358192"}
{"level":30,"time":1723314777305,"pid":29932,"hostname":"DESKTOP-UQMK7H0","msg":"Looking up mobile number: 9597358192"}
{"level":30,"time":1723314778110,"pid":29932,"hostname":"DESKTOP-UQMK7H0","msg":"SMS OTP sent successfully to +919597358192"}
{"level":30,"time":1723314786804,"pid":29932,"hostname":"DESKTOP-UQMK7H0","msg":"OTP verified successfully for +919597358192"}
{"level":30,"time":1723359169121,"pid":19288,"hostname":"DESKTOP-UQMK7H0","msg":"Server is running on port 5000"}
{"level":30,"time":1723359457542,"pid":19288,"hostname":"DESKTOP-UQMK7H0","msg":"Looking up mobile number: 9597358192"}
{"level":30,"time":1723359458538,"pid":19288,"hostname":"DESKTOP-UQMK7H0","msg":"SMS OTP sent successfully to +919597358192"}
{"level":30,"time":1723359477886,"pid":19288,"hostname":"DESKTOP-UQMK7H0","msg":"OTP verified successfully for +919597358192"}
{"level":30,"time":1723360570102,"pid":19288,"hostname":"DESKTOP-UQMK7H0","msg":"Looking up mobile number: 8956489562"}
{"level":40,"time":1723360570109,"pid":19288,"hostname":"DESKTOP-UQMK7H0","msg":"Mobile number +918956489562 not registered"}
{"level":30,"time":1723363001145,"pid":19288,"hostname":"DESKTOP-UQMK7H0","msg":"Looking up mobile number: 9597358192"}
{"level":30,"time":1723363002021,"pid":19288,"hostname":"DESKTOP-UQMK7H0","msg":"SMS OTP sent successfully to +919597358192"}
{"level":30,"time":1723363012635,"pid":19288,"hostname":"DESKTOP-UQMK7H0","msg":"OTP verified successfully for +919597358192"}
{"level":30,"time":1723363101894,"pid":19288,"hostname":"DESKTOP-UQMK7H0","msg":"Looking up mobile number: 9597358192"}
{"level":30,"time":1723363102237,"pid":19288,"hostname":"DESKTOP-UQMK7H0","msg":"SMS OTP sent successfully to +919597358192"}
{"level":30,"time":1723363127785,"pid":19288,"hostname":"DESKTOP-UQMK7H0","msg":"Looking up mobile number: 9597358192"}
{"level":30,"time":1723363128158,"pid":19288,"hostname":"DESKTOP-UQMK7H0","msg":"SMS OTP sent successfully to +919597358192"}
{"level":30,"time":1723363327910,"pid":19288,"hostname":"DESKTOP-UQMK7H0","msg":"Looking up mobile number: 9597358192"}
{"level":30,"time":1723363328823,"pid":19288,"hostname":"DESKTOP-UQMK7H0","msg":"SMS OTP sent successfully to +919597358192"}
{"level":30,"time":1723363408694,"pid":19288,"hostname":"DESKTOP-UQMK7H0","msg":"Looking up mobile number: 9597358192"}
{"level":30,"time":1723363409286,"pid":19288,"hostname":"DESKTOP-UQMK7H0","msg":"SMS OTP sent successfully to +919597358192"}
{"level":30,"time":1723363442960,"pid":11868,"hostname":"DESKTOP-UQMK7H0","msg":"Server is running on port 5000"}
{"level":30,"time":1723363469633,"pid":11868,"hostname":"DESKTOP-UQMK7H0","msg":"Looking up mobile number: 9597358192"}
{"level":30,"time":1723363470091,"pid":11868,"hostname":"DESKTOP-UQMK7H0","msg":"SMS OTP sent successfully to +919597358192"}
{"level":30,"time":1723363692574,"pid":11868,"hostname":"DESKTOP-UQMK7H0","msg":"User signed up successfully: k.s.maragatham@gmail.com"}
{"level":30,"time":1723363698275,"pid":11868,"hostname":"DESKTOP-UQMK7H0","msg":"Looking up mobile number: 9894138192"}
{"level":30,"time":1723363699461,"pid":11868,"hostname":"DESKTOP-UQMK7H0","msg":"SMS OTP sent successfully to +919894138192"}
{"level":30,"time":1723363997724,"pid":11812,"hostname":"DESKTOP-UQMK7H0","msg":"Server is running on port 5000"}
{"level":30,"time":1723364023111,"pid":11812,"hostname":"DESKTOP-UQMK7H0","msg":"Looking up mobile number: 9597358192"}
{"level":30,"time":1723364024613,"pid":11812,"hostname":"DESKTOP-UQMK7H0","msg":"SMS OTP sent successfully to +919597358192"}
{"level":30,"time":1723364103854,"pid":11812,"hostname":"DESKTOP-UQMK7H0","msg":"Looking up mobile number: 9597358192"}
{"level":30,"time":1723364104299,"pid":11812,"hostname":"DESKTOP-UQMK7H0","msg":"SMS OTP sent successfully to +919597358192"}
{"level":30,"time":1723364146319,"pid":11812,"hostname":"DESKTOP-UQMK7H0","msg":"Looking up mobile number: 9894138192"}
{"level":30,"time":1723364146767,"pid":11812,"hostname":"DESKTOP-UQMK7H0","msg":"SMS OTP sent successfully to +919894138192"}
{"level":40,"time":1723364195251,"pid":11812,"hostname":"DESKTOP-UQMK7H0","msg":"Invalid OTP for +919894138192"}
{"level":30,"time":1723364530703,"pid":11812,"hostname":"DESKTOP-UQMK7H0","msg":"Looking up mobile number: 9597358192"}
{"level":30,"time":1723364531412,"pid":11812,"hostname":"DESKTOP-UQMK7H0","msg":"SMS OTP sent successfully to +919597358192"}
{"level":30,"time":1723365172000,"pid":22368,"hostname":"DESKTOP-UQMK7H0","msg":"Server is running on port 5000"}
{"level":30,"time":1723365252437,"pid":22368,"hostname":"DESKTOP-UQMK7H0","msg":"Looking up mobile number: 9597358192"}
{"level":40,"time":1723365252445,"pid":22368,"hostname":"DESKTOP-UQMK7H0","msg":"Mobile number +919597358192 not registered"}
{"level":30,"time":1723365265535,"pid":22368,"hostname":"DESKTOP-UQMK7H0","msg":"User signed up successfully: lithikarajkumar@gmail.com"}
{"level":30,"time":1723365276828,"pid":22368,"hostname":"DESKTOP-UQMK7H0","msg":"Looking up mobile number: 9597358192"}
{"level":30,"time":1723365277711,"pid":22368,"hostname":"DESKTOP-UQMK7H0","msg":"SMS OTP sent successfully to +919597358192"}
{"level":30,"time":1723386002136,"pid":10120,"hostname":"DESKTOP-UQMK7H0","msg":"Server is running on port 5000"}
{"level":30,"time":1723482688227,"pid":3796,"hostname":"DESKTOP-UQMK7H0","msg":"Server is running on port 5000"}
{"level":30,"time":1723483406012,"pid":3796,"hostname":"DESKTOP-UQMK7H0","msg":"Email sent to lithikarajkumar@gmail.com with OTP: 772724"}
{"level":30,"time":1723483565241,"pid":3796,"hostname":"DESKTOP-UQMK7H0","msg":"Email sent to lithikarajkumar@gmail.com with OTP: 513917"}
{"level":30,"time":1723483797147,"pid":3796,"hostname":"DESKTOP-UQMK7H0","msg":"Email sent to lithikarajkumar@gmail.com with OTP: 152549"}
{"level":30,"time":1723484005687,"pid":3796,"hostname":"DESKTOP-UQMK7H0","msg":"Email sent to lithika@gmail.com with OTP: 428221"}
{"level":30,"time":1723484657153,"pid":3796,"hostname":"DESKTOP-UQMK7H0","msg":"Email sent to lithikarajkumar@gmail.com with OTP: 402445"}
{"level":30,"time":1723484811846,"pid":21072,"hostname":"DESKTOP-UQMK7H0","msg":"Server is running on port 5000"}
{"level":30,"time":1723485313935,"pid":21072,"hostname":"DESKTOP-UQMK7H0","msg":"User signed up successfully: lithikarajkumar@gmail.com"}
{"level":30,"time":1723485392489,"pid":22292,"hostname":"DESKTOP-UQMK7H0","msg":"Server is running on port 5000"}
{"level":30,"time":1723485415533,"pid":22292,"hostname":"DESKTOP-UQMK7H0","msg":"User signed in successfully: lithikarajkumar@gmail.com"}
{"level":30,"time":1723486366929,"pid":22292,"hostname":"DESKTOP-UQMK7H0","msg":"User signed in successfully: lithikarajkumar@gmail.com"}
{"level":30,"time":1723486406783,"pid":22292,"hostname":"DESKTOP-UQMK7H0","msg":"User signed in successfully: lithikarajkumar@gmail.com"}
{"level":30,"time":1723486454369,"pid":22292,"hostname":"DESKTOP-UQMK7H0","msg":"User signed in successfully: lithikarajkumar@gmail.com"}
{"level":30,"time":1723527602135,"pid":9788,"hostname":"DESKTOP-UQMK7H0","msg":"Server is running on port 5000"}
{"level":30,"time":1723527756866,"pid":9788,"hostname":"DESKTOP-UQMK7H0","msg":"User signed up successfully: vibhoo@gmail.com"}
{"level":30,"time":1723527768630,"pid":9788,"hostname":"DESKTOP-UQMK7H0","msg":"User signed in successfully: vibhoo@gmail.com"}
{"level":40,"time":1723527879427,"pid":9788,"hostname":"DESKTOP-UQMK7H0","msg":"User with email  not found"}
{"level":30,"time":1723528299708,"pid":9788,"hostname":"DESKTOP-UQMK7H0","msg":"User signed in successfully: lithikarajkumar@gmail.com"}
{"level":30,"time":1723528678152,"pid":24244,"hostname":"DESKTOP-UQMK7H0","msg":"Server is running on port 5000"}
{"level":30,"time":1723528767965,"pid":24244,"hostname":"DESKTOP-UQMK7H0","msg":"User signed in successfully: lithikarajkumar@gmail.com"}
{"level":30,"time":1723529045003,"pid":24244,"hostname":"DESKTOP-UQMK7H0","msg":"User signed in successfully: lithikarajkumar@gmail.com"}
{"level":30,"time":1723529121320,"pid":24244,"hostname":"DESKTOP-UQMK7H0","msg":"User signed in successfully: lithikarajkumar@gmail.com"}
{"level":30,"time":1723529214183,"pid":24244,"hostname":"DESKTOP-UQMK7H0","msg":"User signed in successfully: lithikarajkumar@gmail.com"}
{"level":40,"time":1723529379604,"pid":24244,"hostname":"DESKTOP-UQMK7H0","msg":"Invalid password for email lithikarajkumar@gmail.com"}
{"level":30,"time":1723529388508,"pid":24244,"hostname":"DESKTOP-UQMK7H0","msg":"User signed in successfully: lithikarajkumar@gmail.com"}
{"level":30,"time":1723529416589,"pid":24244,"hostname":"DESKTOP-UQMK7H0","msg":"User signed in successfully: lithikarajkumar@gmail.com"}
{"level":30,"time":1723529810094,"pid":24244,"hostname":"DESKTOP-UQMK7H0","msg":"User signed in successfully: lithikarajkumar@gmail.com"}
{"level":30,"time":1723530791747,"pid":3716,"hostname":"DESKTOP-UQMK7H0","msg":"Server is running on port 5000"}
{"level":30,"time":1723566067496,"pid":22608,"hostname":"DESKTOP-UQMK7H0","msg":"Server is running on port 5000"}
{"level":30,"time":1723573482014,"pid":2316,"hostname":"DESKTOP-UQMK7H0","msg":"Server is running on port 5000"}
{"level":30,"time":1723606909165,"pid":916,"hostname":"DESKTOP-UQMK7H0","msg":"Server is running on port 5000"}
{"level":30,"time":1723627997030,"pid":20972,"hostname":"DESKTOP-UQMK7H0","msg":"Server is running on port 5000"}
{"level":30,"time":1723704493432,"pid":20116,"hostname":"DESKTOP-UQMK7H0","msg":"Server is running on port 5000"}
{"level":30,"time":1723733934933,"pid":2044,"hostname":"DESKTOP-UQMK7H0","msg":"Server is running on port 5000"}
{"level":30,"time":1723733946032,"pid":9044,"hostname":"DESKTOP-UQMK7H0","msg":"Server is running on port 5000"}
{"level":30,"time":1723733962703,"pid":29324,"hostname":"DESKTOP-UQMK7H0","msg":"Server is running on port 5000"}
{"level":30,"time":1723733969053,"pid":24800,"hostname":"DESKTOP-UQMK7H0","msg":"Server is running on port 5000"}
{"level":30,"time":1723740079996,"pid":11520,"hostname":"DESKTOP-UQMK7H0","msg":"Server is running on port 5000"}
{"level":30,"time":1723740200183,"pid":7640,"hostname":"DESKTOP-UQMK7H0","msg":"Server is running on port 5000"}
{"level":30,"time":1723740435746,"pid":9136,"hostname":"DESKTOP-UQMK7H0","msg":"Server is running on port 5000"}
{"level":30,"time":1723740484823,"pid":13388,"hostname":"DESKTOP-UQMK7H0","msg":"Server is running on port 5000"}
{"level":30,"time":1723740489770,"pid":30140,"hostname":"DESKTOP-UQMK7H0","msg":"Server is running on port 5000"}
{"level":30,"time":1723740493654,"pid":26864,"hostname":"DESKTOP-UQMK7H0","msg":"Server is running on port 5000"}
{"level":30,"time":1723740495728,"pid":22016,"hostname":"DESKTOP-UQMK7H0","msg":"Server is running on port 5000"}
{"level":30,"time":1723740497326,"pid":15384,"hostname":"DESKTOP-UQMK7H0","msg":"Server is running on port 5000"}
{"level":30,"time":1723740500992,"pid":26768,"hostname":"DESKTOP-UQMK7H0","msg":"Server is running on port 5000"}
{"level":30,"time":1723740502346,"pid":22748,"hostname":"DESKTOP-UQMK7H0","msg":"Server is running on port 5000"}
{"level":30,"time":1723741802516,"pid":6404,"hostname":"DESKTOP-UQMK7H0","msg":"Server is running on port 5000"}
{"level":30,"time":1723741806818,"pid":30496,"hostname":"DESKTOP-UQMK7H0","msg":"Server is running on port 5000"}
{"level":30,"time":1723741811569,"pid":19952,"hostname":"DESKTOP-UQMK7H0","msg":"Server is running on port 5000"}
{"level":30,"time":1723741814559,"pid":25536,"hostname":"DESKTOP-UQMK7H0","msg":"Server is running on port 5000"}
{"level":30,"time":1723741818316,"pid":26216,"hostname":"DESKTOP-UQMK7H0","msg":"Server is running on port 5000"}
{"level":30,"time":1723741819787,"pid":30372,"hostname":"DESKTOP-UQMK7H0","msg":"Server is running on port 5000"}
{"level":30,"time":1723741828118,"pid":7500,"hostname":"DESKTOP-UQMK7H0","msg":"Server is running on port 5000"}
{"level":30,"time":1723741867410,"pid":27112,"hostname":"DESKTOP-UQMK7H0","msg":"Server is running on port 5000"}
{"level":30,"time":1723741876082,"pid":28872,"hostname":"DESKTOP-UQMK7H0","msg":"Server is running on port 5000"}
{"level":30,"time":1723741877423,"pid":30204,"hostname":"DESKTOP-UQMK7H0","msg":"Server is running on port 5000"}
{"level":30,"time":1723741891953,"pid":26396,"hostname":"DESKTOP-UQMK7H0","msg":"Server is running on port 5000"}
{"level":30,"time":1723741895404,"pid":13964,"hostname":"DESKTOP-UQMK7H0","msg":"Server is running on port 5000"}
{"level":30,"time":1723742243788,"pid":30172,"hostname":"DESKTOP-UQMK7H0","msg":"Server is running on port 5000"}
{"level":30,"time":1723787265836,"pid":7952,"hostname":"DESKTOP-UQMK7H0","msg":"Server is running on port 5000"}
{"level":30,"time":1723787553640,"pid":17136,"hostname":"DESKTOP-UQMK7H0","msg":"Server is running on port 5000"}
{"level":30,"time":1723787740449,"pid":12372,"hostname":"DESKTOP-UQMK7H0","msg":"Server is running on port 5000"}
{"level":30,"time":1723787743591,"pid":15960,"hostname":"DESKTOP-UQMK7H0","msg":"Server is running on port 5000"}
{"level":30,"time":1723787860565,"pid":25240,"hostname":"DESKTOP-UQMK7H0","msg":"Connected to MongoDB"}
{"level":30,"time":1723788039833,"pid":5396,"hostname":"DESKTOP-UQMK7H0","msg":"Connected to MongoDB"}
{"level":30,"time":1723788053827,"pid":22124,"hostname":"DESKTOP-UQMK7H0","msg":"Connected to MongoDB"}
{"level":30,"time":1723788092574,"pid":10836,"hostname":"DESKTOP-UQMK7H0","msg":"Server is running on port 5000"}
{"level":30,"time":1723788135447,"pid":10836,"hostname":"DESKTOP-UQMK7H0","msg":"User signed up successfully: maragatham@gmail.com"}
{"level":30,"time":1723788484771,"pid":30304,"hostname":"DESKTOP-UQMK7H0","msg":"Server is running on port 5000"}
{"level":30,"time":1723788503018,"pid":2352,"hostname":"DESKTOP-UQMK7H0","msg":"Server is running on port 5000"}
{"level":30,"time":1723788511095,"pid":25112,"hostname":"DESKTOP-UQMK7H0","msg":"Server is running on port 5000"}
{"level":30,"time":1723788516546,"pid":6816,"hostname":"DESKTOP-UQMK7H0","msg":"Server is running on port 5000"}
{"level":30,"time":1723788544307,"pid":14820,"hostname":"DESKTOP-UQMK7H0","msg":"Server is running on port 5000"}
{"level":30,"time":1723788549062,"pid":4704,"hostname":"DESKTOP-UQMK7H0","msg":"Server is running on port 5000"}
{"level":30,"time":1723788680030,"pid":16756,"hostname":"DESKTOP-UQMK7H0","msg":"Server is running on port 5000"}
{"level":30,"time":1723788848611,"pid":4136,"hostname":"DESKTOP-UQMK7H0","msg":"Server is running on port 5000"}
{"level":30,"time":1723788925957,"pid":18356,"hostname":"DESKTOP-UQMK7H0","msg":"Server is running on port 5000"}
{"level":30,"time":1723818588628,"pid":25532,"hostname":"DESKTOP-UQMK7H0","msg":"Server is running on port 5000"}
{"level":30,"time":1723822704477,"pid":2860,"hostname":"DESKTOP-UQMK7H0","msg":"Server is running on port 5000"}
{"level":30,"time":1724127340506,"pid":22048,"hostname":"DESKTOP-UQMK7H0","msg":"Server is running on port 5000"}
{"level":30,"time":1724211832593,"pid":4968,"hostname":"DESKTOP-UQMK7H0","msg":"Server is running on port 5000"}
{"level":30,"time":1725289650697,"pid":5144,"hostname":"DESKTOP-UQMK7H0","msg":"Server is running on port 5000"}
{"level":40,"time":1725290206632,"pid":5144,"hostname":"DESKTOP-UQMK7H0","msg":"Invalid password for email lithikarajkumar@gmail.com"}
{"level":30,"time":1725290286013,"pid":5144,"hostname":"DESKTOP-UQMK7H0","msg":"User signed up successfully: kaviraj@gmail.com"}
{"level":50,"time":1725290292121,"pid":5144,"hostname":"DESKTOP-UQMK7H0","msg":"Error during sign-in for kaviraj@gmail.com: ReferenceError: JWT_SECRET is not defined"}
{"level":50,"time":1725290296020,"pid":5144,"hostname":"DESKTOP-UQMK7H0","msg":"Error during sign-in for kaviraj@gmail.com: ReferenceError: JWT_SECRET is not defined"}
{"level":40,"time":1725290316543,"pid":5144,"hostname":"DESKTOP-UQMK7H0","msg":"Invalid password for email kaviraj@gmail.com"}
{"level":50,"time":1725290321125,"pid":5144,"hostname":"DESKTOP-UQMK7H0","msg":"Error during sign-in for kaviraj@gmail.com: ReferenceError: JWT_SECRET is not defined"}
{"level":30,"time":1725290383078,"pid":9104,"hostname":"DESKTOP-UQMK7H0","msg":"Server is running on port 5000"}
{"level":30,"time":1725290399044,"pid":27684,"hostname":"DESKTOP-UQMK7H0","msg":"Server is running on port 5000"}
{"level":30,"time":1725290575391,"pid":3416,"hostname":"DESKTOP-UQMK7H0","msg":"Server is running on port 5000"}
{"level":30,"time":1725290577819,"pid":10400,"hostname":"DESKTOP-UQMK7H0","msg":"Server is running on port 5000"}
{"level":30,"time":1725290598143,"pid":22000,"hostname":"DESKTOP-UQMK7H0","msg":"Server is running on port 5000"}
{"level":30,"time":1725290601106,"pid":21212,"hostname":"DESKTOP-UQMK7H0","msg":"Server is running on port 5000"}
{"level":50,"time":1725290660319,"pid":21212,"hostname":"DESKTOP-UQMK7H0","msg":"Error during sign-in for kaviraj@gmail.com: Error: secretOrPrivateKey must have a value"}
{"level":30,"time":1725290757516,"pid":9224,"hostname":"DESKTOP-UQMK7H0","msg":"Server is running on port 5000"}
{"level":30,"time":1725290767114,"pid":12988,"hostname":"DESKTOP-UQMK7H0","msg":"Server is running on port 5000"}
{"level":30,"time":1725293075007,"pid":25184,"hostname":"DESKTOP-UQMK7H0","msg":"Server is running on port 5000"}
{"level":50,"time":1725293140249,"pid":25184,"hostname":"DESKTOP-UQMK7H0","msg":"Error during sign-in for kaviraj@gmail.com: Error: secretOrPrivateKey must have a value"}
{"level":30,"time":1725293216105,"pid":29604,"hostname":"DESKTOP-UQMK7H0","msg":"Server is running on port 5000"}
{"level":50,"time":1725293220397,"pid":29604,"hostname":"DESKTOP-UQMK7H0","msg":"Error during sign-in for kaviraj@gmail.com: Error: secretOrPrivateKey must have a value"}
{"level":30,"time":1725293234868,"pid":15700,"hostname":"DESKTOP-UQMK7H0","msg":"Server is running on port 5000"}
{"level":30,"time":1725293235538,"pid":3528,"hostname":"DESKTOP-UQMK7H0","msg":"Server is running on port 5000"}
{"level":30,"time":1725293339947,"pid":28624,"hostname":"DESKTOP-UQMK7H0","msg":"Server is running on port 5000"}
{"level":30,"time":1725293343501,"pid":30680,"hostname":"DESKTOP-UQMK7H0","msg":"Server is running on port 5000"}
{"level":30,"time":1725293450020,"pid":27396,"hostname":"DESKTOP-UQMK7H0","msg":"Server is running on port 5000"}
{"level":30,"time":1725293450690,"pid":14740,"hostname":"DESKTOP-UQMK7H0","msg":"Server is running on port 5000"}
{"level":30,"time":1725293455091,"pid":14740,"hostname":"DESKTOP-UQMK7H0","msg":"User signed in successfully: kaviraj@gmail.com"}
{"level":30,"time":1725338285974,"pid":28932,"hostname":"DESKTOP-UQMK7H0","msg":"Server is running on port 5000"}
{"level":30,"time":1725421751841,"pid":10304,"hostname":"DESKTOP-UQMK7H0","msg":"Server is running on port 5000"}
{"level":30,"time":1725548184999,"pid":3636,"hostname":"DESKTOP-UQMK7H0","msg":"Server is running on port 5000"}
{"level":30,"time":1725949420078,"pid":23020,"hostname":"DESKTOP-UQMK7H0","msg":"Server is running on port 5000"}
{"level":30,"time":1726026235249,"pid":31116,"hostname":"DESKTOP-UQMK7H0","msg":"Server is running on port 5000"}
{"level":30,"time":1726030666215,"pid":26004,"hostname":"DESKTOP-UQMK7H0","msg":"Server is running on port 5000"}
{"level":30,"time":1726030682677,"pid":28884,"hostname":"DESKTOP-UQMK7H0","msg":"Server is running on port 5000"}
{"level":30,"time":1726030697270,"pid":4028,"hostname":"DESKTOP-UQMK7H0","msg":"Server is running on port 5000"}
{"level":30,"time":1726033418422,"pid":22220,"hostname":"DESKTOP-UQMK7H0","msg":"Server is running on port 5000"}
{"level":30,"time":1726034377631,"pid":14000,"hostname":"DESKTOP-UQMK7H0","msg":"Server is running on port 5000"}
{"level":30,"time":1726034390856,"pid":29612,"hostname":"DESKTOP-UQMK7H0","msg":"Server is running on port 5000"}
{"level":30,"time":1726034405581,"pid":9872,"hostname":"DESKTOP-UQMK7H0","msg":"Server is running on port 5000"}
{"level":30,"time":1726034824895,"pid":26780,"hostname":"DESKTOP-UQMK7H0","msg":"Server is running on port 5000"}
{"level":30,"time":1726035293434,"pid":29604,"hostname":"DESKTOP-UQMK7H0","msg":"Server is running on port 5000"}
{"level":30,"time":1726035305017,"pid":24840,"hostname":"DESKTOP-UQMK7H0","msg":"Server is running on port 5000"}
{"level":30,"time":1726035529441,"pid":24100,"hostname":"DESKTOP-UQMK7H0","msg":"Server is running on port 5000"}
{"level":30,"time":1726047449459,"pid":30120,"hostname":"DESKTOP-UQMK7H0","msg":"Server is running on port 5000"}
{"level":30,"time":1726047816523,"pid":30120,"hostname":"DESKTOP-UQMK7H0","msg":"User signed up successfully: vibhooshana@gmail.com"}
{"level":30,"time":1726047819463,"pid":30120,"hostname":"DESKTOP-UQMK7H0","msg":"User signed in successfully: vibhooshana@gmail.com"}
{"level":40,"time":1726047855494,"pid":30120,"hostname":"DESKTOP-UQMK7H0","msg":"User with email vibhooshana not found"}
{"level":30,"time":1726047865785,"pid":30120,"hostname":"DESKTOP-UQMK7H0","msg":"User signed in successfully: vibhooshana@gmail.com"}
{"level":30,"time":1726048204541,"pid":30120,"hostname":"DESKTOP-UQMK7H0","msg":"User signed in successfully: vibhooshana@gmail.com"}
{"level":30,"time":1726048995717,"pid":30120,"hostname":"DESKTOP-UQMK7H0","msg":"User signed in successfully: vibhooshana@gmail.com"}
{"level":30,"time":1726048998680,"pid":30120,"hostname":"DESKTOP-UQMK7H0","msg":"User signed in successfully: vibhooshana@gmail.com"}
{"level":30,"time":1726048999533,"pid":30120,"hostname":"DESKTOP-UQMK7H0","msg":"User signed in successfully: vibhooshana@gmail.com"}
{"level":30,"time":1726049968778,"pid":20456,"hostname":"DESKTOP-UQMK7H0","msg":"Server is running on port 5000"}
{"level":30,"time":1726050179892,"pid":17376,"hostname":"DESKTOP-UQMK7H0","msg":"Server is running on port 5000"}
{"level":30,"time":1726051018054,"pid":17376,"hostname":"DESKTOP-UQMK7H0","msg":"User signed in successfully: vibhooshana@gmail.com"}
{"level":30,"time":1726051199165,"pid":17376,"hostname":"DESKTOP-UQMK7H0","msg":"User signed in successfully: vibhooshana@gmail.com"}
{"level":30,"time":1726051199321,"pid":17376,"hostname":"DESKTOP-UQMK7H0","msg":"User signed in successfully: vibhooshana@gmail.com"}
{"level":30,"time":1726051199505,"pid":17376,"hostname":"DESKTOP-UQMK7H0","msg":"User signed in successfully: vibhooshana@gmail.com"}
{"level":30,"time":1726051199682,"pid":17376,"hostname":"DESKTOP-UQMK7H0","msg":"User signed in successfully: vibhooshana@gmail.com"}
{"level":30,"time":1726051199866,"pid":17376,"hostname":"DESKTOP-UQMK7H0","msg":"User signed in successfully: vibhooshana@gmail.com"}
{"level":30,"time":1726051200057,"pid":17376,"hostname":"DESKTOP-UQMK7H0","msg":"User signed in successfully: vibhooshana@gmail.com"}
{"level":30,"time":1726051200248,"pid":17376,"hostname":"DESKTOP-UQMK7H0","msg":"User signed in successfully: vibhooshana@gmail.com"}
{"level":30,"time":1726051200445,"pid":17376,"hostname":"DESKTOP-UQMK7H0","msg":"User signed in successfully: vibhooshana@gmail.com"}
{"level":30,"time":1726051200627,"pid":17376,"hostname":"DESKTOP-UQMK7H0","msg":"User signed in successfully: vibhooshana@gmail.com"}
{"level":30,"time":1726051200820,"pid":17376,"hostname":"DESKTOP-UQMK7H0","msg":"User signed in successfully: vibhooshana@gmail.com"}
{"level":30,"time":1726051201014,"pid":17376,"hostname":"DESKTOP-UQMK7H0","msg":"User signed in successfully: vibhooshana@gmail.com"}
{"level":30,"time":1726051201205,"pid":17376,"hostname":"DESKTOP-UQMK7H0","msg":"User signed in successfully: vibhooshana@gmail.com"}
{"level":30,"time":1726051201395,"pid":17376,"hostname":"DESKTOP-UQMK7H0","msg":"User signed in successfully: vibhooshana@gmail.com"}
{"level":30,"time":1726051201582,"pid":17376,"hostname":"DESKTOP-UQMK7H0","msg":"User signed in successfully: vibhooshana@gmail.com"}
{"level":30,"time":1726051201772,"pid":17376,"hostname":"DESKTOP-UQMK7H0","msg":"User signed in successfully: vibhooshana@gmail.com"}
{"level":30,"time":1726051201960,"pid":17376,"hostname":"DESKTOP-UQMK7H0","msg":"User signed in successfully: vibhooshana@gmail.com"}
{"level":30,"time":1726051202157,"pid":17376,"hostname":"DESKTOP-UQMK7H0","msg":"User signed in successfully: vibhooshana@gmail.com"}
{"level":30,"time":1726051202345,"pid":17376,"hostname":"DESKTOP-UQMK7H0","msg":"User signed in successfully: vibhooshana@gmail.com"}
{"level":30,"time":1726051202537,"pid":17376,"hostname":"DESKTOP-UQMK7H0","msg":"User signed in successfully: vibhooshana@gmail.com"}
{"level":30,"time":1726051202646,"pid":17376,"hostname":"DESKTOP-UQMK7H0","msg":"User signed in successfully: vibhooshana@gmail.com"}
{"level":30,"time":1726051202826,"pid":17376,"hostname":"DESKTOP-UQMK7H0","msg":"User signed in successfully: vibhooshana@gmail.com"}
{"level":30,"time":1726051202989,"pid":17376,"hostname":"DESKTOP-UQMK7H0","msg":"User signed in successfully: vibhooshana@gmail.com"}
{"level":30,"time":1726051203146,"pid":17376,"hostname":"DESKTOP-UQMK7H0","msg":"User signed in successfully: vibhooshana@gmail.com"}
{"level":30,"time":1726051203332,"pid":17376,"hostname":"DESKTOP-UQMK7H0","msg":"User signed in successfully: vibhooshana@gmail.com"}
{"level":30,"time":1726051203501,"pid":17376,"hostname":"DESKTOP-UQMK7H0","msg":"User signed in successfully: vibhooshana@gmail.com"}
{"level":30,"time":1726051203693,"pid":17376,"hostname":"DESKTOP-UQMK7H0","msg":"User signed in successfully: vibhooshana@gmail.com"}
{"level":30,"time":1726051203877,"pid":17376,"hostname":"DESKTOP-UQMK7H0","msg":"User signed in successfully: vibhooshana@gmail.com"}
{"level":30,"time":1726051204075,"pid":17376,"hostname":"DESKTOP-UQMK7H0","msg":"User signed in successfully: vibhooshana@gmail.com"}
{"level":30,"time":1726051204232,"pid":17376,"hostname":"DESKTOP-UQMK7H0","msg":"User signed in successfully: vibhooshana@gmail.com"}
{"level":30,"time":1726051204401,"pid":17376,"hostname":"DESKTOP-UQMK7H0","msg":"User signed in successfully: vibhooshana@gmail.com"}
{"level":30,"time":1726051204572,"pid":17376,"hostname":"DESKTOP-UQMK7H0","msg":"User signed in successfully: vibhooshana@gmail.com"}
{"level":30,"time":1726051204759,"pid":17376,"hostname":"DESKTOP-UQMK7H0","msg":"User signed in successfully: vibhooshana@gmail.com"}
{"level":30,"time":1726051204941,"pid":17376,"hostname":"DESKTOP-UQMK7H0","msg":"User signed in successfully: vibhooshana@gmail.com"}
{"level":30,"time":1726051205123,"pid":17376,"hostname":"DESKTOP-UQMK7H0","msg":"User signed in successfully: vibhooshana@gmail.com"}
{"level":30,"time":1726051205303,"pid":17376,"hostname":"DESKTOP-UQMK7H0","msg":"User signed in successfully: vibhooshana@gmail.com"}
{"level":30,"time":1726051205475,"pid":17376,"hostname":"DESKTOP-UQMK7H0","msg":"User signed in successfully: vibhooshana@gmail.com"}
{"level":30,"time":1726051205644,"pid":17376,"hostname":"DESKTOP-UQMK7H0","msg":"User signed in successfully: vibhooshana@gmail.com"}
{"level":30,"time":1726051205829,"pid":17376,"hostname":"DESKTOP-UQMK7H0","msg":"User signed in successfully: vibhooshana@gmail.com"}
{"level":30,"time":1726051206028,"pid":17376,"hostname":"DESKTOP-UQMK7H0","msg":"User signed in successfully: vibhooshana@gmail.com"}
{"level":30,"time":1726051206187,"pid":17376,"hostname":"DESKTOP-UQMK7H0","msg":"User signed in successfully: vibhooshana@gmail.com"}
{"level":30,"time":1726051206357,"pid":17376,"hostname":"DESKTOP-UQMK7H0","msg":"User signed in successfully: vibhooshana@gmail.com"}
{"level":30,"time":1726051206520,"pid":17376,"hostname":"DESKTOP-UQMK7H0","msg":"User signed in successfully: vibhooshana@gmail.com"}
{"level":30,"time":1726051206692,"pid":17376,"hostname":"DESKTOP-UQMK7H0","msg":"User signed in successfully: vibhooshana@gmail.com"}
{"level":30,"time":1726051206841,"pid":17376,"hostname":"DESKTOP-UQMK7H0","msg":"User signed in successfully: vibhooshana@gmail.com"}
{"level":30,"time":1726051207007,"pid":17376,"hostname":"DESKTOP-UQMK7H0","msg":"User signed in successfully: vibhooshana@gmail.com"}
{"level":30,"time":1726051207161,"pid":17376,"hostname":"DESKTOP-UQMK7H0","msg":"User signed in successfully: vibhooshana@gmail.com"}
{"level":30,"time":1726051207340,"pid":17376,"hostname":"DESKTOP-UQMK7H0","msg":"User signed in successfully: vibhooshana@gmail.com"}
{"level":30,"time":1726051207505,"pid":17376,"hostname":"DESKTOP-UQMK7H0","msg":"User signed in successfully: vibhooshana@gmail.com"}
{"level":30,"time":1726051207653,"pid":17376,"hostname":"DESKTOP-UQMK7H0","msg":"User signed in successfully: vibhooshana@gmail.com"}
{"level":30,"time":1726051207835,"pid":17376,"hostname":"DESKTOP-UQMK7H0","msg":"User signed in successfully: vibhooshana@gmail.com"}
{"level":30,"time":1726051207997,"pid":17376,"hostname":"DESKTOP-UQMK7H0","msg":"User signed in successfully: vibhooshana@gmail.com"}
{"level":30,"time":1726051208154,"pid":17376,"hostname":"DESKTOP-UQMK7H0","msg":"User signed in successfully: vibhooshana@gmail.com"}
{"level":30,"time":1726051208327,"pid":17376,"hostname":"DESKTOP-UQMK7H0","msg":"User signed in successfully: vibhooshana@gmail.com"}
{"level":30,"time":1726051208488,"pid":17376,"hostname":"DESKTOP-UQMK7H0","msg":"User signed in successfully: vibhooshana@gmail.com"}
{"level":30,"time":1726051208642,"pid":17376,"hostname":"DESKTOP-UQMK7H0","msg":"User signed in successfully: vibhooshana@gmail.com"}
{"level":30,"time":1726051208803,"pid":17376,"hostname":"DESKTOP-UQMK7H0","msg":"User signed in successfully: vibhooshana@gmail.com"}
{"level":30,"time":1726051208974,"pid":17376,"hostname":"DESKTOP-UQMK7H0","msg":"User signed in successfully: vibhooshana@gmail.com"}
{"level":30,"time":1726051209140,"pid":17376,"hostname":"DESKTOP-UQMK7H0","msg":"User signed in successfully: vibhooshana@gmail.com"}
{"level":30,"time":1726051209314,"pid":17376,"hostname":"DESKTOP-UQMK7H0","msg":"User signed in successfully: vibhooshana@gmail.com"}
{"level":30,"time":1726051209486,"pid":17376,"hostname":"DESKTOP-UQMK7H0","msg":"User signed in successfully: vibhooshana@gmail.com"}
{"level":30,"time":1726051209658,"pid":17376,"hostname":"DESKTOP-UQMK7H0","msg":"User signed in successfully: vibhooshana@gmail.com"}
{"level":30,"time":1726051209824,"pid":17376,"hostname":"DESKTOP-UQMK7H0","msg":"User signed in successfully: vibhooshana@gmail.com"}
{"level":30,"time":1726051209999,"pid":17376,"hostname":"DESKTOP-UQMK7H0","msg":"User signed in successfully: vibhooshana@gmail.com"}
{"level":30,"time":1726051210156,"pid":17376,"hostname":"DESKTOP-UQMK7H0","msg":"User signed in successfully: vibhooshana@gmail.com"}
{"level":30,"time":1726051210319,"pid":17376,"hostname":"DESKTOP-UQMK7H0","msg":"User signed in successfully: vibhooshana@gmail.com"}
{"level":30,"time":1726051210480,"pid":17376,"hostname":"DESKTOP-UQMK7H0","msg":"User signed in successfully: vibhooshana@gmail.com"}
{"level":30,"time":1726051210649,"pid":17376,"hostname":"DESKTOP-UQMK7H0","msg":"User signed in successfully: vibhooshana@gmail.com"}
{"level":30,"time":1726051210844,"pid":17376,"hostname":"DESKTOP-UQMK7H0","msg":"User signed in successfully: vibhooshana@gmail.com"}
{"level":30,"time":1726051211023,"pid":17376,"hostname":"DESKTOP-UQMK7H0","msg":"User signed in successfully: vibhooshana@gmail.com"}
{"level":30,"time":1726051211198,"pid":17376,"hostname":"DESKTOP-UQMK7H0","msg":"User signed in successfully: vibhooshana@gmail.com"}
{"level":30,"time":1726051211373,"pid":17376,"hostname":"DESKTOP-UQMK7H0","msg":"User signed in successfully: vibhooshana@gmail.com"}
{"level":30,"time":1726051211524,"pid":17376,"hostname":"DESKTOP-UQMK7H0","msg":"User signed in successfully: vibhooshana@gmail.com"}
{"level":30,"time":1726051211706,"pid":17376,"hostname":"DESKTOP-UQMK7H0","msg":"User signed in successfully: vibhooshana@gmail.com"}
{"level":30,"time":1726051211864,"pid":17376,"hostname":"DESKTOP-UQMK7H0","msg":"User signed in successfully: vibhooshana@gmail.com"}
{"level":30,"time":1726051212026,"pid":17376,"hostname":"DESKTOP-UQMK7H0","msg":"User signed in successfully: vibhooshana@gmail.com"}
{"level":30,"time":1726051212209,"pid":17376,"hostname":"DESKTOP-UQMK7H0","msg":"User signed in successfully: vibhooshana@gmail.com"}
{"level":30,"time":1726051212392,"pid":17376,"hostname":"DESKTOP-UQMK7H0","msg":"User signed in successfully: vibhooshana@gmail.com"}
{"level":30,"time":1726051212546,"pid":17376,"hostname":"DESKTOP-UQMK7H0","msg":"User signed in successfully: vibhooshana@gmail.com"}
{"level":30,"time":1726051212728,"pid":17376,"hostname":"DESKTOP-UQMK7H0","msg":"User signed in successfully: vibhooshana@gmail.com"}
{"level":30,"time":1726051212878,"pid":17376,"hostname":"DESKTOP-UQMK7H0","msg":"User signed in successfully: vibhooshana@gmail.com"}
{"level":30,"time":1726051213037,"pid":17376,"hostname":"DESKTOP-UQMK7H0","msg":"User signed in successfully: vibhooshana@gmail.com"}
{"level":30,"time":1726051213205,"pid":17376,"hostname":"DESKTOP-UQMK7H0","msg":"User signed in successfully: vibhooshana@gmail.com"}
{"level":30,"time":1726051213378,"pid":17376,"hostname":"DESKTOP-UQMK7H0","msg":"User signed in successfully: vibhooshana@gmail.com"}
{"level":30,"time":1726051213539,"pid":17376,"hostname":"DESKTOP-UQMK7H0","msg":"User signed in successfully: vibhooshana@gmail.com"}
{"level":30,"time":1726051213718,"pid":17376,"hostname":"DESKTOP-UQMK7H0","msg":"User signed in successfully: vibhooshana@gmail.com"}
{"level":30,"time":1726051213894,"pid":17376,"hostname":"DESKTOP-UQMK7H0","msg":"User signed in successfully: vibhooshana@gmail.com"}
{"level":30,"time":1726051214046,"pid":17376,"hostname":"DESKTOP-UQMK7H0","msg":"User signed in successfully: vibhooshana@gmail.com"}
{"level":30,"time":1726051214205,"pid":17376,"hostname":"DESKTOP-UQMK7H0","msg":"User signed in successfully: vibhooshana@gmail.com"}
{"level":30,"time":1726051214368,"pid":17376,"hostname":"DESKTOP-UQMK7H0","msg":"User signed in successfully: vibhooshana@gmail.com"}
{"level":30,"time":1726051214514,"pid":17376,"hostname":"DESKTOP-UQMK7H0","msg":"User signed in successfully: vibhooshana@gmail.com"}
{"level":30,"time":1726051214683,"pid":17376,"hostname":"DESKTOP-UQMK7H0","msg":"User signed in successfully: vibhooshana@gmail.com"}
{"level":30,"time":1726051214848,"pid":17376,"hostname":"DESKTOP-UQMK7H0","msg":"User signed in successfully: vibhooshana@gmail.com"}
{"level":30,"time":1726051215012,"pid":17376,"hostname":"DESKTOP-UQMK7H0","msg":"User signed in successfully: vibhooshana@gmail.com"}
{"level":30,"time":1726051215174,"pid":17376,"hostname":"DESKTOP-UQMK7H0","msg":"User signed in successfully: vibhooshana@gmail.com"}
{"level":30,"time":1726051215339,"pid":17376,"hostname":"DESKTOP-UQMK7H0","msg":"User signed in successfully: vibhooshana@gmail.com"}
{"level":30,"time":1726051215504,"pid":17376,"hostname":"DESKTOP-UQMK7H0","msg":"User signed in successfully: vibhooshana@gmail.com"}
{"level":30,"time":1726051215659,"pid":17376,"hostname":"DESKTOP-UQMK7H0","msg":"User signed in successfully: vibhooshana@gmail.com"}
{"level":30,"time":1726051215821,"pid":17376,"hostname":"DESKTOP-UQMK7H0","msg":"User signed in successfully: vibhooshana@gmail.com"}
{"level":30,"time":1726051215989,"pid":17376,"hostname":"DESKTOP-UQMK7H0","msg":"User signed in successfully: vibhooshana@gmail.com"}
{"level":30,"time":1726051216137,"pid":17376,"hostname":"DESKTOP-UQMK7H0","msg":"User signed in successfully: vibhooshana@gmail.com"}
{"level":30,"time":1726051469927,"pid":15596,"hostname":"DESKTOP-UQMK7H0","msg":"Server is running on port 5000"}
{"level":30,"time":1726120073486,"pid":18768,"hostname":"DESKTOP-UQMK7H0","msg":"Server is running on port 5000"}
{"level":30,"time":1726122960801,"pid":25284,"hostname":"DESKTOP-UQMK7H0","msg":"Server is running on port 5000"}
{"level":30,"time":1726122980624,"pid":292,"hostname":"DESKTOP-UQMK7H0","msg":"Server is running on port 5000"}
{"level":30,"time":1726122995721,"pid":10556,"hostname":"DESKTOP-UQMK7H0","msg":"Server is running on port 5000"}
{"level":30,"time":1726123004146,"pid":20036,"hostname":"DESKTOP-UQMK7H0","msg":"Server is running on port 5000"}
{"level":30,"time":1726123015468,"pid":30336,"hostname":"DESKTOP-UQMK7H0","msg":"Server is running on port 5000"}
{"level":30,"time":1726123024743,"pid":3940,"hostname":"DESKTOP-UQMK7H0","msg":"Server is running on port 5000"}
{"level":30,"time":1726160115559,"pid":21312,"hostname":"DESKTOP-UQMK7H0","msg":"Server is running on port 5000"}
{"level":30,"time":1726290983113,"pid":17580,"hostname":"DESKTOP-UQMK7H0","msg":"Server is running on port 5000"}
{"level":30,"time":1726291680236,"pid":9880,"hostname":"DESKTOP-UQMK7H0","msg":"Server is running on port 5000"}
{"level":30,"time":1726291706697,"pid":30244,"hostname":"DESKTOP-UQMK7H0","msg":"Server is running on port 5000"}
{"level":30,"time":1726292146047,"pid":18000,"hostname":"DESKTOP-UQMK7H0","msg":"Server is running on port 5000"}
{"level":30,"time":1726292159273,"pid":9656,"hostname":"DESKTOP-UQMK7H0","msg":"Server is running on port 5000"}
{"level":30,"time":1726292178928,"pid":1452,"hostname":"DESKTOP-UQMK7H0","msg":"Server is running on port 5000"}
{"level":30,"time":1726292190531,"pid":2804,"hostname":"DESKTOP-UQMK7H0","msg":"Server is running on port 5000"}
{"level":30,"time":1726292203534,"pid":18584,"hostname":"DESKTOP-UQMK7H0","msg":"Server is running on port 5000"}
{"level":30,"time":1726292212860,"pid":540,"hostname":"DESKTOP-UQMK7H0","msg":"Server is running on port 5000"}
{"level":30,"time":1726293078970,"pid":540,"hostname":"DESKTOP-UQMK7H0","msg":"User signed in successfully: vibhooshana@gmail.com"}
{"level":30,"time":1726293493143,"pid":540,"hostname":"DESKTOP-UQMK7H0","msg":"User signed in successfully: vibhooshana@gmail.com"}
{"level":30,"time":1726293614499,"pid":540,"hostname":"DESKTOP-UQMK7H0","msg":"User signed in successfully: vibhooshana@gmail.com"}
{"level":30,"time":1726293766063,"pid":540,"hostname":"DESKTOP-UQMK7H0","msg":"User signed in successfully: vibhooshana@gmail.com"}
{"level":30,"time":1726294437109,"pid":9984,"hostname":"DESKTOP-UQMK7H0","msg":"Server is running on port 5000"}
{"level":30,"time":1726294710108,"pid":9984,"hostname":"DESKTOP-UQMK7H0","msg":"User signed in successfully: vibhooshana@gmail.com"}
{"level":30,"time":1726295209766,"pid":9984,"hostname":"DESKTOP-UQMK7H0","msg":"User signed in successfully: vibhooshana@gmail.com"}
{"level":30,"time":1726296783806,"pid":20452,"hostname":"DESKTOP-UQMK7H0","msg":"Server is running on port 5000"}
{"level":30,"time":1726296832289,"pid":15212,"hostname":"DESKTOP-UQMK7H0","msg":"Server is running on port 5000"}
{"level":30,"time":1726296838699,"pid":22964,"hostname":"DESKTOP-UQMK7H0","msg":"Server is running on port 5000"}
{"level":30,"time":1726296840190,"pid":4224,"hostname":"DESKTOP-UQMK7H0","msg":"Server is running on port 5000"}
{"level":30,"time":1726296841288,"pid":4224,"hostname":"DESKTOP-UQMK7H0","msg":"User signed in successfully: vibhooshana@gmail.com"}
{"level":30,"time":1726631181012,"pid":8112,"hostname":"DESKTOP-UQMK7H0","msg":"Server is running on port 5000"}
{"level":30,"time":1727159186267,"pid":33404,"hostname":"DESKTOP-UQMK7H0","msg":"Server is running on port 5000"}
{"level":30,"time":1727159326129,"pid":33404,"hostname":"DESKTOP-UQMK7H0","msg":"User signed in successfully: vibhooshana@gmail.com"}
{"level":30,"time":1727159858791,"pid":33404,"hostname":"DESKTOP-UQMK7H0","msg":"User signed in successfully: vibhooshana@gmail.com"}
{"level":30,"time":1727160383962,"pid":33404,"hostname":"DESKTOP-UQMK7H0","msg":"User signed in successfully: vibhooshana@gmail.com"}
{"level":30,"time":1727160643162,"pid":33404,"hostname":"DESKTOP-UQMK7H0","msg":"User signed in successfully: vibhooshana@gmail.com"}
{"level":30,"time":1727190290513,"pid":33580,"hostname":"DESKTOP-UQMK7H0","msg":"Server is running on port 5000"}
{"level":30,"time":1727190465287,"pid":33580,"hostname":"DESKTOP-UQMK7H0","msg":"User signed in successfully: vibhooshana@gmail.com"}
{"level":30,"time":1727190987001,"pid":28404,"hostname":"DESKTOP-UQMK7H0","msg":"Server is running on port 5000"}
{"level":30,"time":1727191259937,"pid":28404,"hostname":"DESKTOP-UQMK7H0","msg":"User signed in successfully: vibhooshana@gmail.com"}
{"level":30,"time":1728366994877,"pid":13040,"hostname":"DESKTOP-UQMK7H0","msg":"Server is running on port 5000"}
{"level":30,"time":1728367079132,"pid":13040,"hostname":"DESKTOP-UQMK7H0","msg":"User signed in successfully: vibhooshana@gmail.com"}
{"level":30,"time":1728368699866,"pid":13040,"hostname":"DESKTOP-UQMK7H0","msg":"User signed in successfully: vibhooshana@gmail.com"}
{"level":30,"time":1728369008294,"pid":27900,"hostname":"DESKTOP-UQMK7H0","msg":"Server is running on port 5000"}
{"level":30,"time":1728369460997,"pid":27900,"hostname":"DESKTOP-UQMK7H0","msg":"User signed in successfully: vibhooshana@gmail.com"}
{"level":30,"time":1728369842724,"pid":27900,"hostname":"DESKTOP-UQMK7H0","msg":"User signed in successfully: vibhooshana@gmail.com"}
{"level":30,"time":1728481351608,"pid":15068,"hostname":"DESKTOP-UQMK7H0","msg":"Server is running on port 5000"}
{"level":30,"time":1728481997777,"pid":15068,"hostname":"DESKTOP-UQMK7H0","msg":"User signed in successfully: vibhooshana@gmail.com"}
{"level":40,"time":1728484193884,"pid":15068,"hostname":"DESKTOP-UQMK7H0","msg":"User with email  not found"}
{"level":30,"time":1728484211025,"pid":15068,"hostname":"DESKTOP-UQMK7H0","msg":"User signed in successfully: vibhooshana@gmail.com"}
{"level":30,"time":1728539152179,"pid":8648,"hostname":"DESKTOP-UQMK7H0","msg":"Server is running on port 5000"}
{"level":30,"time":1728539307971,"pid":8648,"hostname":"DESKTOP-UQMK7H0","msg":"User signed in successfully: lithikarajkumar@gmail.com"}
{"level":30,"time":1728970901251,"pid":4868,"hostname":"DESKTOP-UQMK7H0","msg":"Server is running on port 5000"}
{"level":30,"time":1728971367967,"pid":4868,"hostname":"DESKTOP-UQMK7H0","msg":"User signed up successfully: rajkumar@gmail.com"}
{"level":30,"time":1728971372045,"pid":4868,"hostname":"DESKTOP-UQMK7H0","msg":"User signed in successfully: rajkumar@gmail.com"}
{"level":30,"time":1728971934171,"pid":4868,"hostname":"DESKTOP-UQMK7H0","msg":"User signed in successfully: rajkumar@gmail.com"}
{"level":30,"time":1728972106331,"pid":4868,"hostname":"DESKTOP-UQMK7H0","msg":"User signed in successfully: vibhooshana@gmail.com"}
{"level":30,"time":1728972233657,"pid":4868,"hostname":"DESKTOP-UQMK7H0","msg":"User signed in successfully: rajkumar@gmail.com"}
{"level":30,"time":1728972650716,"pid":4868,"hostname":"DESKTOP-UQMK7H0","msg":"User signed in successfully: lithikarajkumar@gmail.com"}
{"level":30,"time":1728972749590,"pid":4868,"hostname":"DESKTOP-UQMK7H0","msg":"User signed up successfully: divya@gmail.com"}
{"level":30,"time":1728972781023,"pid":4868,"hostname":"DESKTOP-UQMK7H0","msg":"User signed in successfully: divya@gmail.com"}
{"level":30,"time":1729486869668,"pid":22148,"hostname":"DESKTOP-UQMK7H0","msg":"Server is running on port 5000"}
{"level":30,"time":1729487008182,"pid":22148,"hostname":"DESKTOP-UQMK7H0","msg":"User signed in successfully: vibhooshana@gmail.com"}
{"level":30,"time":1729578056603,"pid":27800,"hostname":"DESKTOP-UQMK7H0","msg":"Server is running on port 5000"}
{"level":30,"time":1729579492261,"pid":19120,"hostname":"DESKTOP-UQMK7H0","msg":"Server is running on port 5000"}
{"level":30,"time":1729579924999,"pid":19120,"hostname":"DESKTOP-UQMK7H0","msg":"User signed in successfully: vibhooshana@gmail.com"}
{"level":30,"time":1729581193059,"pid":20612,"hostname":"DESKTOP-UQMK7H0","msg":"Server is running on port 5000"}
{"level":30,"time":1729581344131,"pid":13100,"hostname":"DESKTOP-UQMK7H0","msg":"Server is running on port 5000"}
{"level":30,"time":1729581614550,"pid":1148,"hostname":"DESKTOP-UQMK7H0","msg":"Server is running on port 5000"}
{"level":30,"time":1729581740589,"pid":29184,"hostname":"DESKTOP-UQMK7H0","msg":"Server is running on port 5000"}
{"level":30,"time":1729581744583,"pid":18520,"hostname":"DESKTOP-UQMK7H0","msg":"Server is running on port 5000"}
{"level":30,"time":1729581751037,"pid":21252,"hostname":"DESKTOP-UQMK7H0","msg":"Server is running on port 5000"}
{"level":30,"time":1729581858099,"pid":5624,"hostname":"DESKTOP-UQMK7H0","msg":"Server is running on port 5000"}
{"level":30,"time":1729585772930,"pid":952,"hostname":"DESKTOP-UQMK7H0","msg":"Server is running on port 5000"}
{"level":30,"time":1729585946328,"pid":14792,"hostname":"DESKTOP-UQMK7H0","msg":"Server is running on port 5000"}
{"level":30,"time":1729586985198,"pid":21836,"hostname":"DESKTOP-UQMK7H0","msg":"Server is running on port 5000"}
{"level":30,"time":1729587730898,"pid":21836,"hostname":"DESKTOP-UQMK7H0","msg":"User signed in successfully: vibhooshana@gmail.com"}
{"level":40,"time":1729589514680,"pid":21836,"hostname":"DESKTOP-UQMK7H0","msg":"User with email  not found"}
{"level":30,"time":1729589532568,"pid":21836,"hostname":"DESKTOP-UQMK7H0","msg":"User signed in successfully: vibhooshana@gmail.com"}
{"level":30,"time":1729595496867,"pid":3172,"hostname":"DESKTOP-UQMK7H0","msg":"Server is running on port 5000"}
{"level":30,"time":1729599970450,"pid":30712,"hostname":"DESKTOP-UQMK7H0","msg":"Server is running on port 5000"}
{"level":30,"time":1729600149912,"pid":30712,"hostname":"DESKTOP-UQMK7H0","msg":"User signed in successfully: vibhooshana@gmail.com"}
{"level":30,"time":1729600311655,"pid":15744,"hostname":"DESKTOP-UQMK7H0","msg":"Server is running on port 5000"}
{"level":30,"time":1729600696955,"pid":4384,"hostname":"DESKTOP-UQMK7H0","msg":"Server is running on port 5000"}
{"level":30,"time":1729600782855,"pid":25336,"hostname":"DESKTOP-UQMK7H0","msg":"Server is running on port 5000"}
{"level":30,"time":1729600846078,"pid":10484,"hostname":"DESKTOP-UQMK7H0","msg":"Server is running on port 5000"}
{"level":30,"time":1729601208424,"pid":12808,"hostname":"DESKTOP-UQMK7H0","msg":"Server is running on port 5000"}
{"level":30,"time":1729601269835,"pid":12808,"hostname":"DESKTOP-UQMK7H0","msg":"User signed in successfully: vibhooshana@gmail.com"}
{"level":30,"time":1729601432510,"pid":12808,"hostname":"DESKTOP-UQMK7H0","msg":"User signed in successfully: vibhooshana@gmail.com"}
{"level":30,"time":1729602599620,"pid":21292,"hostname":"DESKTOP-UQMK7H0","msg":"Server is running on port 5000"}
{"level":30,"time":1729602604061,"pid":21292,"hostname":"DESKTOP-UQMK7H0","msg":"User signed in successfully: vibhooshana@gmail.com"}
{"level":30,"time":1729602785907,"pid":27212,"hostname":"DESKTOP-UQMK7H0","msg":"Server is running on port 5000"}
{"level":30,"time":1729603105866,"pid":4364,"hostname":"DESKTOP-UQMK7H0","msg":"Server is running on port 5000"}
{"level":30,"time":1729603153412,"pid":2080,"hostname":"DESKTOP-UQMK7H0","msg":"Server is running on port 5000"}
{"level":30,"time":1729603441132,"pid":2080,"hostname":"DESKTOP-UQMK7H0","msg":"User signed in successfully: vibhooshana@gmail.com"}
{"level":30,"time":1729604032658,"pid":18424,"hostname":"DESKTOP-UQMK7H0","msg":"Server is running on port 5000"}
{"level":30,"time":1729604104850,"pid":19836,"hostname":"DESKTOP-UQMK7H0","msg":"Server is running on port 5000"}
{"level":30,"time":1729604579462,"pid":19636,"hostname":"DESKTOP-UQMK7H0","msg":"Server is running on port 5000"}
{"level":30,"time":1729604608085,"pid":19636,"hostname":"DESKTOP-UQMK7H0","msg":"User signed in successfully: vibhooshana@gmail.com"}
{"level":30,"time":1729604624038,"pid":1780,"hostname":"DESKTOP-UQMK7H0","msg":"Server is running on port 5000"}
{"level":30,"time":1729605185386,"pid":1780,"hostname":"DESKTOP-UQMK7H0","msg":"User signed in successfully: vibhooshana@gmail.com"}
{"level":30,"time":1729605322781,"pid":1780,"hostname":"DESKTOP-UQMK7H0","msg":"User signed in successfully: vibhooshana@gmail.com"}
{"level":30,"time":1729606640872,"pid":1780,"hostname":"DESKTOP-UQMK7H0","msg":"User signed in successfully: vibhooshana@gmail.com"}
{"level":30,"time":1729606911247,"pid":1120,"hostname":"DESKTOP-UQMK7H0","msg":"Server is running on port 5000"}
{"level":30,"time":1729607222734,"pid":1120,"hostname":"DESKTOP-UQMK7H0","msg":"User signed in successfully: vibhooshana@gmail.com"}
{"level":30,"time":1729607487788,"pid":22400,"hostname":"DESKTOP-UQMK7H0","msg":"Server is running on port 5000"}
{"level":30,"time":1729607511977,"pid":22400,"hostname":"DESKTOP-UQMK7H0","msg":"User signed in successfully: vibhooshana@gmail.com"}
{"level":30,"time":1729607935222,"pid":22400,"hostname":"DESKTOP-UQMK7H0","msg":"User signed in successfully: vibhooshana@gmail.com"}
{"level":30,"time":1729607975202,"pid":22400,"hostname":"DESKTOP-UQMK7H0","msg":"User signed in successfully: vibhooshana@gmail.com"}
{"level":30,"time":1729608073442,"pid":22400,"hostname":"DESKTOP-UQMK7H0","msg":"User signed in successfully: vibhooshana@gmail.com"}
{"level":30,"time":1729610519750,"pid":22400,"hostname":"DESKTOP-UQMK7H0","msg":"User signed up successfully: tarunika@gmail.com"}
{"level":30,"time":1729610523618,"pid":22400,"hostname":"DESKTOP-UQMK7H0","msg":"User signed in successfully: tarunika@gmail.com"}
{"level":30,"time":1729610975434,"pid":3428,"hostname":"DESKTOP-UQMK7H0","msg":"Server is running on port 5000"}
{"level":30,"time":1729611133119,"pid":15424,"hostname":"DESKTOP-UQMK7H0","msg":"Server is running on port 5000"}
{"level":30,"time":1729657295047,"pid":14212,"hostname":"DESKTOP-UQMK7H0","msg":"Server is running on port 5000"}
{"level":30,"time":1729657794712,"pid":14212,"hostname":"DESKTOP-UQMK7H0","msg":"User signed in successfully: vibhooshana@gmail.com"}
{"level":30,"time":1729658039650,"pid":14212,"hostname":"DESKTOP-UQMK7H0","msg":"User signed in successfully: vibhooshana@gmail.com"}
{"level":30,"time":1729658172958,"pid":14212,"hostname":"DESKTOP-UQMK7H0","msg":"User signed in successfully: vibhooshana@gmail.com"}
{"level":30,"time":1729659748996,"pid":14212,"hostname":"DESKTOP-UQMK7H0","msg":"User signed up successfully: kathirvel@gmail.com"}
{"level":30,"time":1729659754852,"pid":14212,"hostname":"DESKTOP-UQMK7H0","msg":"User signed in successfully: kathirvel@gmail.com"}
{"level":30,"time":1729661648527,"pid":22080,"hostname":"DESKTOP-UQMK7H0","msg":"Server is running on port 5000"}
{"level":30,"time":1729661660253,"pid":16520,"hostname":"DESKTOP-UQMK7H0","msg":"Server is running on port 5000"}
{"level":30,"time":1729661667170,"pid":27384,"hostname":"DESKTOP-UQMK7H0","msg":"Server is running on port 5000"}
{"level":30,"time":1729661669066,"pid":28096,"hostname":"DESKTOP-UQMK7H0","msg":"Server is running on port 5000"}
{"level":30,"time":1729661672660,"pid":11760,"hostname":"DESKTOP-UQMK7H0","msg":"Server is running on port 5000"}
{"level":30,"time":1729662018825,"pid":11760,"hostname":"DESKTOP-UQMK7H0","msg":"User signed in successfully: kathirvel@gmail.com"}
{"level":30,"time":1729662111945,"pid":11760,"hostname":"DESKTOP-UQMK7H0","msg":"User signed in successfully: kathirvel@gmail.com"}
{"level":30,"time":1729662230214,"pid":11760,"hostname":"DESKTOP-UQMK7H0","msg":"User signed in successfully: vibhooshana@gmail.com"}
{"level":30,"time":1729663346075,"pid":11760,"hostname":"DESKTOP-UQMK7H0","msg":"User signed in successfully: vibhooshana@gmail.com"}
{"level":50,"time":1729663596854,"pid":11760,"hostname":"DESKTOP-UQMK7H0","msg":"Error during signup for maragatham@gmail.com: MongoServerError: E11000 duplicate key error collection: livishieldsignup.users index: email_1 dup key: { email: \"maragatham@gmail.com\" }"}
{"level":30,"time":1729663627400,"pid":11760,"hostname":"DESKTOP-UQMK7H0","msg":"User signed up successfully: mahaa@gmail.com"}
{"level":30,"time":1729663632938,"pid":11760,"hostname":"DESKTOP-UQMK7H0","msg":"User signed in successfully: mahaa@gmail.com"}
{"level":30,"time":1729666210479,"pid":21764,"hostname":"DESKTOP-UQMK7H0","msg":"Server is running on port 5000"}
{"level":30,"time":1729666220267,"pid":16980,"hostname":"DESKTOP-UQMK7H0","msg":"Server is running on port 5000"}
{"level":30,"time":1729666399328,"pid":23856,"hostname":"DESKTOP-UQMK7H0","msg":"Server is running on port 5000"}
{"level":30,"time":1729666402120,"pid":21716,"hostname":"DESKTOP-UQMK7H0","msg":"Server is running on port 5000"}
{"level":30,"time":1729666597567,"pid":21716,"hostname":"DESKTOP-UQMK7H0","msg":"User signed in successfully: vibhooshana@gmail.com"}
{"level":30,"time":1729667532450,"pid":10312,"hostname":"DESKTOP-UQMK7H0","msg":"Server is running on port 5000"}
{"level":30,"time":1729667605269,"pid":16996,"hostname":"DESKTOP-UQMK7H0","msg":"Server is running on port 5000"}
{"level":30,"time":1729667729954,"pid":17728,"hostname":"DESKTOP-UQMK7H0","msg":"Server is running on port 5000"}
{"level":30,"time":1729667750259,"pid":30424,"hostname":"DESKTOP-UQMK7H0","msg":"Server is running on port 5000"}
{"level":30,"time":1729667901572,"pid":11988,"hostname":"DESKTOP-UQMK7H0","msg":"Server is running on port 5000"}
{"level":30,"time":1729667906463,"pid":23132,"hostname":"DESKTOP-UQMK7H0","msg":"Server is running on port 5000"}
{"level":30,"time":1729667917804,"pid":25584,"hostname":"DESKTOP-UQMK7H0","msg":"Server is running on port 5000"}
{"level":30,"time":1729667953787,"pid":1448,"hostname":"DESKTOP-UQMK7H0","msg":"Server is running on port 5000"}
{"level":30,"time":1729667955975,"pid":11392,"hostname":"DESKTOP-UQMK7H0","msg":"Server is running on port 5000"}
{"level":30,"time":1729668048718,"pid":16484,"hostname":"DESKTOP-UQMK7H0","msg":"Server is running on port 5000"}
{"level":30,"time":1729668107880,"pid":4220,"hostname":"DESKTOP-UQMK7H0","msg":"Server is running on port 5000"}
{"level":30,"time":1729680628390,"pid":12304,"hostname":"DESKTOP-UQMK7H0","msg":"Server is running on port 5000"}
{"level":30,"time":1729690292696,"pid":5332,"hostname":"DESKTOP-UQMK7H0","msg":"Server is running on port 5000"}
{"level":30,"time":1729690712872,"pid":5332,"hostname":"DESKTOP-UQMK7H0","msg":"User signed up successfully: mithra@gmail.com"}
{"level":30,"time":1729690718030,"pid":5332,"hostname":"DESKTOP-UQMK7H0","msg":"User signed in successfully: mithra@gmail.com"}
{"level":30,"time":1729691567202,"pid":5332,"hostname":"DESKTOP-UQMK7H0","msg":"User signed in successfully: mithra@gmail.com"}
{"level":30,"time":1729691647906,"pid":5332,"hostname":"DESKTOP-UQMK7H0","msg":"User signed up successfully: kavya@gmail.com"}
{"level":30,"time":1729691651741,"pid":5332,"hostname":"DESKTOP-UQMK7H0","msg":"User signed in successfully: kavya@gmail.com"}
{"level":30,"time":1729691814130,"pid":23204,"hostname":"DESKTOP-UQMK7H0","msg":"Server is running on port 5000"}
{"level":30,"time":1729691815578,"pid":9808,"hostname":"DESKTOP-UQMK7H0","msg":"Server is running on port 5000"}
{"level":30,"time":1730041419440,"pid":25268,"hostname":"DESKTOP-UQMK7H0","msg":"Server is running on port 5000"}
{"level":30,"time":1730041799213,"pid":25268,"hostname":"DESKTOP-UQMK7H0","msg":"User signed up successfully: pavithra@gmail.com"}
{"level":30,"time":1730041802490,"pid":25268,"hostname":"DESKTOP-UQMK7H0","msg":"User signed in successfully: pavithra@gmail.com"}
{"level":30,"time":1730047942553,"pid":22100,"hostname":"DESKTOP-UQMK7H0","msg":"Server is running on port 5000"}
{"level":30,"time":1730047957653,"pid":8572,"hostname":"DESKTOP-UQMK7H0","msg":"Server is running on port 5000"}
{"level":30,"time":1730086876847,"pid":22468,"hostname":"DESKTOP-UQMK7H0","msg":"Server is running on port 5000"}
{"level":30,"time":1730086974442,"pid":22468,"hostname":"DESKTOP-UQMK7H0","msg":"User signed up successfully: saravanan@gmail.com"}
{"level":30,"time":1730086977456,"pid":22468,"hostname":"DESKTOP-UQMK7H0","msg":"User signed in successfully: saravanan@gmail.com"}
{"level":30,"time":1730088606382,"pid":17044,"hostname":"DESKTOP-UQMK7H0","msg":"Server is running on port 5000"}
{"level":30,"time":1730088614692,"pid":26164,"hostname":"DESKTOP-UQMK7H0","msg":"Server is running on port 5000"}
{"level":30,"time":1730103878561,"pid":14768,"hostname":"DESKTOP-UQMK7H0","msg":"Server is running on port 5000"}
{"level":30,"time":1730107368670,"pid":14768,"hostname":"DESKTOP-UQMK7H0","msg":"User signed up successfully: uma@gmail.com"}
{"level":30,"time":1730107371630,"pid":14768,"hostname":"DESKTOP-UQMK7H0","msg":"User signed in successfully: uma@gmail.com"}
{"level":30,"time":1732116259049,"pid":20444,"hostname":"DESKTOP-UQMK7H0","msg":"Server is running on port 5000"}
{"level":30,"time":1733986991572,"pid":6824,"hostname":"DESKTOP-UQMK7H0","msg":"Server is running on port 5000"}
{"level":30,"time":1733987148186,"pid":6824,"hostname":"DESKTOP-UQMK7H0","msg":"User signed up successfully: murugan@gmail.com"}
{"level":30,"time":1733987201571,"pid":6824,"hostname":"DESKTOP-UQMK7H0","msg":"User signed up successfully: leela@gmail.com"}
{"level":30,"time":1733987210754,"pid":6824,"hostname":"DESKTOP-UQMK7H0","msg":"User signed in successfully: leela@gmail.com"}
{"level":30,"time":1733987564238,"pid":6824,"hostname":"DESKTOP-UQMK7H0","msg":"User signed up successfully: rekha@gmail.com"}
{"level":30,"time":1733987571343,"pid":6824,"hostname":"DESKTOP-UQMK7H0","msg":"User signed in successfully: rekha@gmail.com"}
